{
  "RSpec": {
    "coverage": {
      "/Users/Steve/Dropbox/Projects/omniauth-heello/lib/omniauth-heello.rb": [
        1,
        1
      ],
      "/Users/Steve/Dropbox/Projects/omniauth-heello/lib/omniauth/strategies/heello.rb": [
        1,
        null,
        1,
        1,
        1,
        null,
        1,
        1,
        null,
        null,
        null,
        null,
        null,
        1,
        null,
        1,
        null,
        null,
        null,
        null,
        null,
        null,
        null,
        null,
        null,
        null,
        null,
        null,
        null,
        null,
        0,
        null,
        null,
        1,
        0,
        null,
        null,
        1,
        0,
        null,
        null,
        null,
        null,
        null
      ]
    },
    "timestamp": 1363116186
  }
}
